@storybook/cli v7.3.2

info => Cleaning outputDir: /var/folders/qz/9h5hxtmn1t58ryjs38z5lh2w0000gn/T/chromatic--78329-JMNnjEvQNsPu
info => Loading presets
info => Building manager..
info => Manager built (102 ms)
info => Copying static files: /Users/connor.vidlock/Documents/GitHub/storybook-demo/taskbox/node_modules/@storybook/manager/static at /var/folders/qz/9h5hxtmn1t58ryjs38z5lh2w0000gn/T/chromatic--78329-JMNnjEvQNsPu/sb-common-assets
vite v4.4.9 building for production...

./sb-common-assets/fonts.css doesn't exist at build time, it will remain unchanged to be resolved at runtime
transforming...
info => Copying static files: /Users/connor.vidlock/Documents/GitHub/storybook-demo/taskbox/public at /var/folders/qz/9h5hxtmn1t58ryjs38z5lh2w0000gn/T/chromatic--78329-JMNnjEvQNsPu/
node_modules/telejson/dist/index.mjs (1413:15) Use of eval in "node_modules/telejson/dist/index.mjs" is strongly discouraged as it poses security risks and may cause issues with minification.
node_modules/telejson/dist/index.mjs (1416:18) Use of eval in "node_modules/telejson/dist/index.mjs" is strongly discouraged as it poses security risks and may cause issues with minification.
✓ 727 modules transformed.
rendering chunks...
warnings when minifying css:
▲ [WARNING] Unexpected "vertical-align" [css-syntax-error]

    <stdin>:36:3:
      36 │   *vertical-align: middle;
         ╵    ~~~~~~~~~~~~~~


▲ [WARNING] Unexpected "overflow" [css-syntax-error]

    <stdin>:38:3:
      38 │   *overflow: visible;
         ╵    ~~~~~~~~


computing gzip size...
../../../../../../var/folders/qz/9h5hxtmn1t58ryjs38z5lh2w0000gn/T/chromatic--78329-JMNnjEvQNsPu/iframe.html                                          12.54 kB │ gzip:   3.56 kB
../../../../../../var/folders/qz/9h5hxtmn1t58ryjs38z5lh2w0000gn/T/chromatic--78329-JMNnjEvQNsPu/assets/percolate-dac75269.ttf                        34.04 kB
../../../../../../var/folders/qz/9h5hxtmn1t58ryjs38z5lh2w0000gn/T/chromatic--78329-JMNnjEvQNsPu/assets/percolate-ec979d96.woff                       34.11 kB
../../../../../../var/folders/qz/9h5hxtmn1t58ryjs38z5lh2w0000gn/T/chromatic--78329-JMNnjEvQNsPu/assets/percolate-5ed633c2.eot                        34.21 kB
../../../../../../var/folders/qz/9h5hxtmn1t58ryjs38z5lh2w0000gn/T/chromatic--78329-JMNnjEvQNsPu/assets/percolate-d13fa91b.svg                       140.51 kB │ gzip:  47.50 kB
../../../../../../var/folders/qz/9h5hxtmn1t58ryjs38z5lh2w0000gn/T/chromatic--78329-JMNnjEvQNsPu/assets/preview-4c64bd25.css                           6.88 kB │ gzip:   2.07 kB
../../../../../../var/folders/qz/9h5hxtmn1t58ryjs38z5lh2w0000gn/T/chromatic--78329-JMNnjEvQNsPu/assets/preview-0f0d1cf8.js                            0.19 kB │ gzip:   0.19 kB │ map:     0.76 kB
../../../../../../var/folders/qz/9h5hxtmn1t58ryjs38z5lh2w0000gn/T/chromatic--78329-JMNnjEvQNsPu/assets/index-d475d2ea.js                              0.21 kB │ gzip:   0.17 kB │ map:     0.85 kB
../../../../../../var/folders/qz/9h5hxtmn1t58ryjs38z5lh2w0000gn/T/chromatic--78329-JMNnjEvQNsPu/assets/chunk-MSDTXLE7-e8876087.js                     0.33 kB │ gzip:   0.28 kB │ map:     1.30 kB
../../../../../../var/folders/qz/9h5hxtmn1t58ryjs38z5lh2w0000gn/T/chromatic--78329-JMNnjEvQNsPu/assets/WithTooltip-YBG737T3-b16f9528.js               0.47 kB │ gzip:   0.29 kB │ map:     0.11 kB
../../../../../../var/folders/qz/9h5hxtmn1t58ryjs38z5lh2w0000gn/T/chromatic--78329-JMNnjEvQNsPu/assets/syntaxhighlighter-4OVWVELQ-77359cf9.js         0.49 kB │ gzip:   0.31 kB │ map:     0.12 kB
../../../../../../var/folders/qz/9h5hxtmn1t58ryjs38z5lh2w0000gn/T/chromatic--78329-JMNnjEvQNsPu/assets/preview-e5bdaef8.js                            0.54 kB │ gzip:   0.34 kB │ map:     0.57 kB
../../../../../../var/folders/qz/9h5hxtmn1t58ryjs38z5lh2w0000gn/T/chromatic--78329-JMNnjEvQNsPu/assets/index-56502c4c.js                              0.62 kB │ gzip:   0.39 kB │ map:     4.30 kB
../../../../../../var/folders/qz/9h5hxtmn1t58ryjs38z5lh2w0000gn/T/chromatic--78329-JMNnjEvQNsPu/assets/preview-5ef354f3.js                            0.69 kB │ gzip:   0.49 kB │ map:     3.96 kB
../../../../../../var/folders/qz/9h5hxtmn1t58ryjs38z5lh2w0000gn/T/chromatic--78329-JMNnjEvQNsPu/assets/_commonjsHelpers-de833af9.js                   0.75 kB │ gzip:   0.43 kB │ map:     0.11 kB
../../../../../../var/folders/qz/9h5hxtmn1t58ryjs38z5lh2w0000gn/T/chromatic--78329-JMNnjEvQNsPu/assets/index-356e4a49.js                              0.81 kB │ gzip:   0.51 kB │ map:     3.29 kB
../../../../../../var/folders/qz/9h5hxtmn1t58ryjs38z5lh2w0000gn/T/chromatic--78329-JMNnjEvQNsPu/assets/index-8d47fad6.js                              0.84 kB │ gzip:   0.55 kB │ map:     4.17 kB
../../../../../../var/folders/qz/9h5hxtmn1t58ryjs38z5lh2w0000gn/T/chromatic--78329-JMNnjEvQNsPu/assets/preview-b79ea209.js                            0.90 kB │ gzip:   0.60 kB │ map:     2.98 kB
../../../../../../var/folders/qz/9h5hxtmn1t58ryjs38z5lh2w0000gn/T/chromatic--78329-JMNnjEvQNsPu/assets/preview-ee5910fe.js                            1.06 kB │ gzip:   0.68 kB │ map:     3.31 kB
../../../../../../var/folders/qz/9h5hxtmn1t58ryjs38z5lh2w0000gn/T/chromatic--78329-JMNnjEvQNsPu/assets/preview-a60aa466.js                            2.40 kB │ gzip:   1.25 kB │ map:    11.18 kB
../../../../../../var/folders/qz/9h5hxtmn1t58ryjs38z5lh2w0000gn/T/chromatic--78329-JMNnjEvQNsPu/assets/index-d37d4223.js                              2.63 kB │ gzip:   1.30 kB │ map:     7.50 kB
../../../../../../var/folders/qz/9h5hxtmn1t58ryjs38z5lh2w0000gn/T/chromatic--78329-JMNnjEvQNsPu/assets/Git-DZ2D5ZUL-6ca74cd2.js                       3.06 kB │ gzip:   1.00 kB │ map:     7.22 kB
../../../../../../var/folders/qz/9h5hxtmn1t58ryjs38z5lh2w0000gn/T/chromatic--78329-JMNnjEvQNsPu/assets/preview-770cc08b.js                            3.22 kB │ gzip:   1.39 kB │ map:    10.27 kB
../../../../../../var/folders/qz/9h5hxtmn1t58ryjs38z5lh2w0000gn/T/chromatic--78329-JMNnjEvQNsPu/assets/task.stories-eede77b5.js                       3.74 kB │ gzip:   1.60 kB │ map:     5.61 kB
../../../../../../var/folders/qz/9h5hxtmn1t58ryjs38z5lh2w0000gn/T/chromatic--78329-JMNnjEvQNsPu/assets/Editing-7QFB6ZMG-a75b9a4e.js                   4.02 kB │ gzip:   1.12 kB │ map:    10.12 kB
../../../../../../var/folders/qz/9h5hxtmn1t58ryjs38z5lh2w0000gn/T/chromatic--78329-JMNnjEvQNsPu/assets/iframe-42431bfe.js                             4.35 kB │ gzip:   1.65 kB │ map:     5.23 kB
../../../../../../var/folders/qz/9h5hxtmn1t58ryjs38z5lh2w0000gn/T/chromatic--78329-JMNnjEvQNsPu/assets/OS-YZ2Y4VYS-57059e39.js                        5.57 kB │ gzip:   2.20 kB │ map:     9.95 kB
../../../../../../var/folders/qz/9h5hxtmn1t58ryjs38z5lh2w0000gn/T/chromatic--78329-JMNnjEvQNsPu/assets/index-61bf1805.js                              7.21 kB │ gzip:   2.95 kB │ map:    15.76 kB
../../../../../../var/folders/qz/9h5hxtmn1t58ryjs38z5lh2w0000gn/T/chromatic--78329-JMNnjEvQNsPu/assets/People-OD4EV7WZ-e23c0f1f.js                    7.64 kB │ gzip:   2.20 kB │ map:    16.32 kB
../../../../../../var/folders/qz/9h5hxtmn1t58ryjs38z5lh2w0000gn/T/chromatic--78329-JMNnjEvQNsPu/assets/preview-d8c963a4.js                            7.67 kB │ gzip:   1.60 kB │ map:    14.25 kB
../../../../../../var/folders/qz/9h5hxtmn1t58ryjs38z5lh2w0000gn/T/chromatic--78329-JMNnjEvQNsPu/assets/Documents-SGWAY3KW-a46f097b.js                 8.11 kB │ gzip:   1.61 kB │ map:    20.08 kB
../../../../../../var/folders/qz/9h5hxtmn1t58ryjs38z5lh2w0000gn/T/chromatic--78329-JMNnjEvQNsPu/assets/preview-25cb0eda.js                            8.33 kB │ gzip:   3.21 kB │ map:    29.47 kB
../../../../../../var/folders/qz/9h5hxtmn1t58ryjs38z5lh2w0000gn/T/chromatic--78329-JMNnjEvQNsPu/assets/Devices-SUYACUPO-5f5f7f3c.js                  11.12 kB │ gzip:   2.43 kB │ map:    24.81 kB
../../../../../../var/folders/qz/9h5hxtmn1t58ryjs38z5lh2w0000gn/T/chromatic--78329-JMNnjEvQNsPu/assets/GlobalScrollAreaStyles-4LLX2B3H-359f362b.js   15.08 kB │ gzip:   2.83 kB │ map:    21.44 kB
../../../../../../var/folders/qz/9h5hxtmn1t58ryjs38z5lh2w0000gn/T/chromatic--78329-JMNnjEvQNsPu/assets/Logos-SJTNNI74-dfca754f.js                    15.65 kB │ gzip:   5.34 kB │ map:    30.03 kB
../../../../../../var/folders/qz/9h5hxtmn1t58ryjs38z5lh2w0000gn/T/chromatic--78329-JMNnjEvQNsPu/assets/Wayfinding-BB4H7CHP-0d20a672.js               19.02 kB │ gzip:   3.75 kB │ map:    47.58 kB
../../../../../../var/folders/qz/9h5hxtmn1t58ryjs38z5lh2w0000gn/T/chromatic--78329-JMNnjEvQNsPu/assets/Images-S2WTXNGG-1424b253.js                   20.72 kB │ gzip:   4.41 kB │ map:    49.07 kB
../../../../../../var/folders/qz/9h5hxtmn1t58ryjs38z5lh2w0000gn/T/chromatic--78329-JMNnjEvQNsPu/assets/preview-d06fc6bf.js                           21.08 kB │ gzip:   6.99 kB │ map:    68.37 kB
../../../../../../var/folders/qz/9h5hxtmn1t58ryjs38z5lh2w0000gn/T/chromatic--78329-JMNnjEvQNsPu/assets/Communicate-7JXCND2Z-d3f800fa.js              25.15 kB │ gzip:   6.58 kB │ map:    52.60 kB
../../../../../../var/folders/qz/9h5hxtmn1t58ryjs38z5lh2w0000gn/T/chromatic--78329-JMNnjEvQNsPu/assets/CRUD-I5EZL2FS-97d62e3d.js                     26.35 kB │ gzip:   5.92 kB │ map:    59.48 kB
../../../../../../var/folders/qz/9h5hxtmn1t58ryjs38z5lh2w0000gn/T/chromatic--78329-JMNnjEvQNsPu/assets/OverlayScrollbars-OL4C4TVX-03af70e8.js        28.95 kB │ gzip:  14.20 kB │ map:   108.17 kB
../../../../../../var/folders/qz/9h5hxtmn1t58ryjs38z5lh2w0000gn/T/chromatic--78329-JMNnjEvQNsPu/assets/Color-6VNJS4EI-f5078fd0.js                    31.08 kB │ gzip:  11.67 kB │ map:   112.97 kB
../../../../../../var/folders/qz/9h5hxtmn1t58ryjs38z5lh2w0000gn/T/chromatic--78329-JMNnjEvQNsPu/assets/taskList.stories-4f60dea9.js                  39.76 kB │ gzip:  13.67 kB │ map:   234.31 kB
../../../../../../var/folders/qz/9h5hxtmn1t58ryjs38z5lh2w0000gn/T/chromatic--78329-JMNnjEvQNsPu/assets/_getPrototype-d008cfdb.js                     78.78 kB │ gzip:  23.67 kB │ map:   329.30 kB
../../../../../../var/folders/qz/9h5hxtmn1t58ryjs38z5lh2w0000gn/T/chromatic--78329-JMNnjEvQNsPu/assets/index-2801d3c9.js                            134.11 kB │ gzip:  43.23 kB │ map:   328.95 kB
../../../../../../var/folders/qz/9h5hxtmn1t58ryjs38z5lh2w0000gn/T/chromatic--78329-JMNnjEvQNsPu/assets/config-81259ce1.js                           213.48 kB │ gzip:  66.36 kB │ map:   804.10 kB
../../../../../../var/folders/qz/9h5hxtmn1t58ryjs38z5lh2w0000gn/T/chromatic--78329-JMNnjEvQNsPu/assets/axe-4e806bb5.js                              535.60 kB │ gzip: 146.95 kB │ map: 1,920.45 kB
../../../../../../var/folders/qz/9h5hxtmn1t58ryjs38z5lh2w0000gn/T/chromatic--78329-JMNnjEvQNsPu/assets/formatter-6736J7QO-c13dfe56.js               601.67 kB │ gzip: 185.05 kB │ map: 1,318.62 kB
../../../../../../var/folders/qz/9h5hxtmn1t58ryjs38z5lh2w0000gn/T/chromatic--78329-JMNnjEvQNsPu/assets/DocsRenderer-3PUGWF3O-e3d7a791.js            657.46 kB │ gzip: 201.64 kB │ map: 2,048.33 kB

(!) Some chunks are larger than 500 kBs after minification. Consider:
- Using dynamic import() to code-split the application
- Use build.rollupOptions.output.manualChunks to improve chunking: https://rollupjs.org/configuration-options/#output-manualchunks
- Adjust chunk size limit for this warning via build.chunkSizeWarningLimit.
✓ built in 4.80s
info => Output directory: /var/folders/qz/9h5hxtmn1t58ryjs38z5lh2w0000gn/T/chromatic--78329-JMNnjEvQNsPu
npm notice 
npm notice New minor version of npm available! 9.5.0 -> 9.8.1
npm notice Changelog: <https://github.com/npm/cli/releases/tag/v9.8.1>
npm notice Run `npm install -g npm@9.8.1` to update!
npm notice 
